2026-04-22 09:00:00 INFO Routine operation successful
2026-04-22 09:00:30 INFO Routine operation successful
2026-04-22 09:01:00 ERROR Something went wrong
2026-04-22 09:01:30 INFO Routine operation successful
2026-04-22 09:02:00 ERROR Something went wrong
2026-04-22 09:02:30 INFO Routine operation successful
2026-04-22 09:03:00 INFO Routine operation successful
2026-04-22 09:03:30 INFO Routine operation successful
2026-04-22 09:04:00 INFO Routine operation successful
2026-04-22 09:04:30 INFO Routine operation successful
2026-04-22 09:05:00 INFO Routine operation successful
2026-04-22 09:05:30 INFO Routine operation successful
2026-04-22 09:06:00 INFO Routine operation successful
2026-04-22 09:06:30 ERROR Something went wrong
2026-04-22 09:07:00 INFO Routine operation successful
2026-04-22 09:07:30 FAILED LOGIN Unauthorized access attempt
2026-04-22 09:08:00 INFO Routine operation successful
2026-04-22 09:08:30 CRITICAL System failure detected
2026-04-22 09:09:00 INFO Routine operation successful
2026-04-22 09:09:30 ERROR Something went wrong
2026-04-22 09:10:00 INFO Routine operation successful
2026-04-22 09:10:30 ERROR Something went wrong
2026-04-22 09:11:00 CRITICAL System failure detected
2026-04-22 09:11:30 FAILED LOGIN Unauthorized access attempt
2026-04-22 09:12:00 INFO Routine operation successful
2026-04-22 09:12:30 FAILED LOGIN Unauthorized access attempt
2026-04-22 09:13:00 INFO Routine operation successful
2026-04-22 09:13:30 INFO Routine operation successful
2026-04-22 09:14:00 INFO Routine operation successful
2026-04-22 09:14:30 INFO Routine operation successful
2026-04-22 09:15:00 ERROR Something went wrong
2026-04-22 09:15:30 FAILED LOGIN Unauthorized access attempt
2026-04-22 09:16:00 FAILED LOGIN Unauthorized access attempt
2026-04-22 09:16:30 FAILED LOGIN Unauthorized access attempt
2026-04-22 09:17:00 INFO Routine operation successful
2026-04-22 09:17:30 INFO Routine operation successful
2026-04-22 09:18:00 INFO Routine operation successful
2026-04-22 09:18:30 ERROR Something went wrong
2026-04-22 09:19:00 INFO Routine operation successful
2026-04-22 09:19:30 ERROR Something went wrong
2026-04-22 09:20:00 INFO Routine operation successful
2026-04-22 09:20:30 INFO Routine operation successful
2026-04-22 09:21:00 INFO Routine operation successful
2026-04-22 09:21:30 INFO Routine operation successful
2026-04-22 09:22:00 INFO Routine operation successful
2026-04-22 09:22:30 INFO Routine operation successful
2026-04-22 09:23:00 INFO Routine operation successful
2026-04-22 09:23:30 CRITICAL System failure detected
2026-04-22 09:24:00 CRITICAL System failure detected
2026-04-22 09:24:30 ERROR Something went wrong
2026-04-22 09:25:00 INFO Routine operation successful
2026-04-22 09:25:30 FAILED LOGIN Unauthorized access attempt
2026-04-22 09:26:00 INFO Routine operation successful
2026-04-22 09:26:30 INFO Routine operation successful
2026-04-22 09:27:00 CRITICAL System failure detected
2026-04-22 09:27:30 INFO Routine operation successful
2026-04-22 09:28:00 INFO Routine operation successful
2026-04-22 09:28:30 INFO Routine operation successful
2026-04-22 09:29:00 INFO Routine operation successful
2026-04-22 09:29:30 INFO Routine operation successful
2026-04-22 09:30:00 FAILED LOGIN Unauthorized access attempt
2026-04-22 09:30:30 INFO Routine operation successful
2026-04-22 09:31:00 ERROR Something went wrong
2026-04-22 09:31:30 INFO Routine operation successful
2026-04-22 09:32:00 INFO Routine operation successful
2026-04-22 09:32:30 INFO Routine operation successful
2026-04-22 09:33:00 ERROR Something went wrong
2026-04-22 09:33:30 INFO Routine operation successful
2026-04-22 09:34:00 ERROR Something went wrong
2026-04-22 09:34:30 INFO Routine operation successful
2026-04-22 09:35:00 INFO Routine operation successful
2026-04-22 09:35:30 INFO Routine operation successful
2026-04-22 09:36:00 INFO Routine operation successful
2026-04-22 09:36:30 ERROR Something went wrong
2026-04-22 09:37:00 INFO Routine operation successful
2026-04-22 09:37:30 INFO Routine operation successful
2026-04-22 09:38:00 ERROR Something went wrong
2026-04-22 09:38:30 INFO Routine operation successful
2026-04-22 09:39:00 INFO Routine operation successful
2026-04-22 09:39:30 ERROR Something went wrong
2026-04-22 09:40:00 ERROR Something went wrong
2026-04-22 09:40:30 FAILED LOGIN Unauthorized access attempt
2026-04-22 09:41:00 FAILED LOGIN Unauthorized access attempt
2026-04-22 09:41:30 INFO Routine operation successful
2026-04-22 09:42:00 ERROR Something went wrong
2026-04-22 09:42:30 INFO Routine operation successful
2026-04-22 09:43:00 FAILED LOGIN Unauthorized access attempt
2026-04-22 09:43:30 INFO Routine operation successful
2026-04-22 09:44:00 ERROR Something went wrong
2026-04-22 09:44:30 INFO Routine operation successful
2026-04-22 09:45:00 INFO Routine operation successful
2026-04-22 09:45:30 INFO Routine operation successful
2026-04-22 09:46:00 INFO Routine operation successful
2026-04-22 09:46:30 INFO Routine operation successful
2026-04-22 09:47:00 INFO Routine operation successful
2026-04-22 09:47:30 INFO Routine operation successful
2026-04-22 09:48:00 INFO Routine operation successful
2026-04-22 09:48:30 INFO Routine operation successful
2026-04-22 09:49:00 ERROR Something went wrong
2026-04-22 09:49:30 INFO Routine operation successful
2026-04-22 09:50:00 FAILED LOGIN Unauthorized access attempt
2026-04-22 09:50:30 INFO Routine operation successful
2026-04-22 09:51:00 CRITICAL System failure detected
2026-04-22 09:51:30 INFO Routine operation successful
2026-04-22 09:52:00 CRITICAL System failure detected
2026-04-22 09:52:30 CRITICAL System failure detected
2026-04-22 09:53:00 INFO Routine operation successful
2026-04-22 09:53:30 INFO Routine operation successful
2026-04-22 09:54:00 CRITICAL System failure detected
2026-04-22 09:54:30 INFO Routine operation successful
2026-04-22 09:55:00 CRITICAL System failure detected
2026-04-22 09:55:30 INFO Routine operation successful
2026-04-22 09:56:00 ERROR Something went wrong
2026-04-22 09:56:30 INFO Routine operation successful
2026-04-22 09:57:00 INFO Routine operation successful
2026-04-22 09:57:30 CRITICAL System failure detected
2026-04-22 09:58:00 ERROR Something went wrong
2026-04-22 09:58:30 INFO Routine operation successful
2026-04-22 09:59:00 ERROR Something went wrong
2026-04-22 09:59:30 INFO Routine operation successful
2026-04-22 10:00:00 INFO Routine operation successful
2026-04-22 10:00:30 INFO Routine operation successful
2026-04-22 10:01:00 FAILED LOGIN Unauthorized access attempt
2026-04-22 10:01:30 INFO Routine operation successful
2026-04-22 10:02:00 INFO Routine operation successful
2026-04-22 10:02:30 ERROR Something went wrong
2026-04-22 10:03:00 FAILED LOGIN Unauthorized access attempt
2026-04-22 10:03:30 FAILED LOGIN Unauthorized access attempt
2026-04-22 10:04:00 INFO Routine operation successful
2026-04-22 10:04:30 ERROR Something went wrong
2026-04-22 10:05:00 INFO Routine operation successful
2026-04-22 10:05:30 INFO Routine operation successful
2026-04-22 10:06:00 INFO Routine operation successful
2026-04-22 10:06:30 ERROR Something went wrong
2026-04-22 10:07:00 INFO Routine operation successful
2026-04-22 10:07:30 INFO Routine operation successful
2026-04-22 10:08:00 FAILED LOGIN Unauthorized access attempt
2026-04-22 10:08:30 CRITICAL System failure detected
2026-04-22 10:09:00 INFO Routine operation successful
2026-04-22 10:09:30 INFO Routine operation successful
2026-04-22 10:10:00 INFO Routine operation successful
2026-04-22 10:10:30 INFO Routine operation successful
2026-04-22 10:11:00 FAILED LOGIN Unauthorized access attempt
2026-04-22 10:11:30 INFO Routine operation successful
2026-04-22 10:12:00 FAILED LOGIN Unauthorized access attempt
2026-04-22 10:12:30 INFO Routine operation successful
2026-04-22 10:13:00 INFO Routine operation successful
2026-04-22 10:13:30 CRITICAL System failure detected
2026-04-22 10:14:00 INFO Routine operation successful
2026-04-22 10:14:30 INFO Routine operation successful
2026-04-22 10:15:00 INFO Routine operation successful
2026-04-22 10:15:30 ERROR Something went wrong
2026-04-22 10:16:00 INFO Routine operation successful
2026-04-22 10:16:30 INFO Routine operation successful
2026-04-22 10:17:00 INFO Routine operation successful
2026-04-22 10:17:30 FAILED LOGIN Unauthorized access attempt
2026-04-22 10:18:00 INFO Routine operation successful
2026-04-22 10:18:30 INFO Routine operation successful
2026-04-22 10:19:00 CRITICAL System failure detected
2026-04-22 10:19:30 ERROR Something went wrong
2026-04-22 10:20:00 ERROR Something went wrong
2026-04-22 10:20:30 INFO Routine operation successful
2026-04-22 10:21:00 INFO Routine operation successful
2026-04-22 10:21:30 INFO Routine operation successful
2026-04-22 10:22:00 ERROR Something went wrong
2026-04-22 10:22:30 CRITICAL System failure detected
2026-04-22 10:23:00 INFO Routine operation successful
2026-04-22 10:23:30 INFO Routine operation successful
2026-04-22 10:24:00 CRITICAL System failure detected
2026-04-22 10:24:30 ERROR Something went wrong
2026-04-22 10:25:00 INFO Routine operation successful
2026-04-22 10:25:30 FAILED LOGIN Unauthorized access attempt
2026-04-22 10:26:00 INFO Routine operation successful
2026-04-22 10:26:30 INFO Routine operation successful
2026-04-22 10:27:00 INFO Routine operation successful
2026-04-22 10:27:30 FAILED LOGIN Unauthorized access attempt
2026-04-22 10:28:00 INFO Routine operation successful
2026-04-22 10:28:30 INFO Routine operation successful
2026-04-22 10:29:00 INFO Routine operation successful
2026-04-22 10:29:30 CRITICAL System failure detected
2026-04-22 10:30:00 INFO Routine operation successful
2026-04-22 10:30:30 INFO Routine operation successful
2026-04-22 10:31:00 INFO Routine operation successful
2026-04-22 10:31:30 CRITICAL System failure detected
2026-04-22 10:32:00 INFO Routine operation successful
2026-04-22 10:32:30 INFO Routine operation successful
2026-04-22 10:33:00 ERROR Something went wrong
2026-04-22 10:33:30 INFO Routine operation successful
2026-04-22 10:34:00 INFO Routine operation successful
2026-04-22 10:34:30 INFO Routine operation successful
2026-04-22 10:35:00 FAILED LOGIN Unauthorized access attempt
2026-04-22 10:35:30 INFO Routine operation successful
2026-04-22 10:36:00 INFO Routine operation successful
2026-04-22 10:36:30 INFO Routine operation successful
2026-04-22 10:37:00 INFO Routine operation successful
2026-04-22 10:37:30 FAILED LOGIN Unauthorized access attempt
2026-04-22 10:38:00 INFO Routine operation successful
2026-04-22 10:38:30 INFO Routine operation successful
2026-04-22 10:39:00 ERROR Something went wrong
2026-04-22 10:39:30 INFO Routine operation successful